GROUP,PACKAGE,CLASS,INSTRUCTION_MISSED,INSTRUCTION_COVERED,BRANCH_MISSED,BRANCH_COVERED,LINE_MISSED,LINE_COVERED,COMPLEXITY_MISSED,COMPLEXITY_COVERED,METHOD_MISSED,METHOD_COVERED
algoroma,algoroma,App,7,0,0,0,3,0,2,0,2,0
algoroma,algoroma.Estado,Novato,16,13,0,0,3,4,3,4,3,4
algoroma,algoroma.Estado,Senior,4,23,0,0,1,6,1,6,1,6
algoroma,algoroma.Gladiadores,Gladiador,10,82,2,2,3,17,2,9,1,8
algoroma,algoroma.Armaduras,Escamas,0,11,0,0,0,3,0,2,0,2
algoroma,algoroma.Armaduras,Escudo,0,11,0,0,0,3,0,2,0,2
algoroma,algoroma.Armas,Espada,0,14,0,0,0,4,0,3,0,3
algoroma,algoroma.Armas,Tridente,0,14,0,0,0,4,0,3,0,3
algoroma,algoroma.Armas,Jabalina,3,11,0,0,1,3,1,2,1,2
