<?xml version="1.0" encoding="UTF-8"?>
<testsuite xmlns:xsi="http://www.w3.org/2001/XMLSchema-instance" xsi:noNamespaceSchemaLocation="https://maven.apache.org/surefire/maven-surefire-plugin/xsd/surefire-test-report-3.0.xsd" version="3.0" name="algoroma.GladioTest" time="0.478" tests="7" errors="0" skipped="0" failures="0">
  <properties>
[...]
</properties>
  <testcase name="test03CalculaUnDañoBaseConEscudo" classname="algoroma.GladioTest" time="0.244"/>
  <testcase name="test04UnGladiadorGana3Batallas" classname="algoroma.GladioTest" time="0.009"/>
  <testcase name="test06UnGladiadorAsciendeDosVeces" classname="algoroma.GladioTest" time="0.006"/>
  <testcase name="testo02UnGladiadorConDosArmas" classname="algoroma.GladioTest" time="0.013"/>
  <testcase name="test05GladiadorLegendarioCOnTRidenteJabalinaYEscamas" classname="algoroma.GladioTest" time="0.018"/>
  <testcase name="testo07DosGladiadoresPelean" classname="algoroma.GladioTest" time="0.012"/>
  <testcase name="test01CreoUnGladiador" classname="algoroma.GladioTest" time="0.008"/>
</testsuite>