<?xml version="1.0" encoding="UTF-8"?>
<testsuite xmlns:xsi="http://www.w3.org/2001/XMLSchema-instance" xsi:noNamespaceSchemaLocation="https://maven.apache.org/surefire/maven-surefire-plugin/xsd/surefire-test-report-3.0.xsd" version="3.0" name="algoroma.GladioTest" time="0.082" tests="5" errors="0" skipped="0" failures="0">
  <properties>
[...]
</properties>
  <testcase name="test03CalculaUnDañoBaseConEscudo" classname="algoroma.GladioTest" time="0.045"/>
  <testcase name="test04UnGladiadorGana3Batallas" classname="algoroma.GladioTest" time="0.003"/>
  <testcase name="testo02UnGladiadorConDosArmas" classname="algoroma.GladioTest" time="0.003"/>
  <testcase name="test05GladiadorLegendarioCOnTRidenteJabalinaYEscamas" classname="algoroma.GladioTest" time="0.002"/>
  <testcase name="test01CreoUnGladiador" classname="algoroma.GladioTest" time="0.001"/>
</testsuite>